<?xml version="1.0" encoding="UTF-8"?>
<!-- Generated by org.testng.reporters.JUnitReportReporter -->
<testsuite hostname="LAPTOP-SG4CP4U6" failures="0" tests="3" name="qaclickacademy.RESTAPITest" time="0.020" errors="0" timestamp="2019-10-07T17:38:18 EDT" skipped="0">
  <testcase classname="qaclickacademy.RESTAPITest" name="deleteTwitter1" time="0.001"/>
  <testcase classname="qaclickacademy.RESTAPITest" name="postJira" time="0.002"/>
  <testcase classname="qaclickacademy.RESTAPITest" name="deleteTwitter" time="0.017"/>
</testsuite> <!-- qaclickacademy.RESTAPITest -->
