<?xml version="1.0" encoding="UTF-8"?>
<!-- Generated by org.testng.reporters.JUnitReportReporter -->
<testsuite hostname="LAPTOP-SG4CP4U6" failures="0" tests="2" name="qaclickacademy.RESTAPITest" time="0.016" errors="0" timestamp="2019-10-07T12:29:34 EDT" skipped="0">
  <testcase classname="qaclickacademy.RESTAPITest" name="deleteTwitter" time="0.014"/>
  <testcase classname="qaclickacademy.RESTAPITest" name="postJira" time="0.002"/>
</testsuite> <!-- qaclickacademy.RESTAPITest -->
